Assembler report for DE1_SoC_Computer
Mon Nov 25 02:14:50 2024
Quartus Prime Version 17.0.0 Build 595 04/25/2017 SJ Lite Edition


---------------------
; Table of Contents ;
---------------------
  1. Legal Notice
  2. Assembler Summary
  3. Assembler Settings
  4. Assembler Generated Files
  5. Assembler Device Options: C:/Users/jack8/Desktop/boid_algorithm_on_DE1_SoC/fpga/computer_640_16bit_video/verilog/DE1_SoC_Computer.sof
  6. Assembler Messages



----------------
; Legal Notice ;
----------------
Copyright (C) 2017  Intel Corporation. All rights reserved.
Your use of Intel Corporation's design tools, logic functions 
and other software and tools, and its AMPP partner logic 
functions, and any output files from any of the foregoing 
(including device programming or simulation files), and any 
associated documentation or information are expressly subject 
to the terms and conditions of the Intel Program License 
Subscription Agreement, the Intel Quartus Prime License Agreement,
the Intel MegaCore Function License Agreement, or other 
applicable license agreement, including, without limitation, 
that your use is for the sole purpose of programming logic 
devices manufactured by Intel and sold by Intel or its 
authorized distributors.  Please refer to the applicable 
agreement for further details.



+---------------------------------------------------------------+
; Assembler Summary                                             ;
+-----------------------+---------------------------------------+
; Assembler Status      ; Successful - Mon Nov 25 02:14:50 2024 ;
; Revision Name         ; DE1_SoC_Computer                      ;
; Top-level Entity Name ; DE1_SoC_Computer                      ;
; Family                ; Cyclone V                             ;
; Device                ; 5CSEMA5F31C6                          ;
+-----------------------+---------------------------------------+


+----------------------------------+
; Assembler Settings               ;
+--------+---------+---------------+
; Option ; Setting ; Default Value ;
+--------+---------+---------------+


+-------------------------------------------------------------------------------------------------------------+
; Assembler Generated Files                                                                                   ;
+-------------------------------------------------------------------------------------------------------------+
; File Name                                                                                                   ;
+-------------------------------------------------------------------------------------------------------------+
; C:/Users/jack8/Desktop/boid_algorithm_on_DE1_SoC/fpga/computer_640_16bit_video/verilog/DE1_SoC_Computer.sof ;
+-------------------------------------------------------------------------------------------------------------+


+---------------------------------------------------------------------------------------------------------------------------------------+
; Assembler Device Options: C:/Users/jack8/Desktop/boid_algorithm_on_DE1_SoC/fpga/computer_640_16bit_video/verilog/DE1_SoC_Computer.sof ;
+----------------+----------------------------------------------------------------------------------------------------------------------+
; Option         ; Setting                                                                                                              ;
+----------------+----------------------------------------------------------------------------------------------------------------------+
; JTAG usercode  ; 0x04ADBAA2                                                                                                           ;
; Checksum       ; 0x04ADBAA2                                                                                                           ;
+----------------+----------------------------------------------------------------------------------------------------------------------+


+--------------------+
; Assembler Messages ;
+--------------------+
Info: *******************************************************************
Info: Running Quartus Prime Assembler
    Info: Version 17.0.0 Build 595 04/25/2017 SJ Lite Edition
    Info: Processing started: Mon Nov 25 02:14:36 2024
Info: Command: quartus_asm --read_settings_files=off --write_settings_files=off DE1_SoC_Computer -c DE1_SoC_Computer
Info (115030): Assembler is generating device programming files
Info (11878): Hard Processor Subsystem configuration has not changed and a Preloader software update is not required
Info: Quartus Prime Assembler was successful. 0 errors, 0 warnings
    Info: Peak virtual memory: 5060 megabytes
    Info: Processing ended: Mon Nov 25 02:14:51 2024
    Info: Elapsed time: 00:00:15
    Info: Total CPU time (on all processors): 00:00:15


